Flow report for M1C1
Thu Sep 12 15:10:15 2024
Quartus II 64-Bit Version 13.1.0 Build 162 10/23/2013 SJ Web Edition


---------------------
; Table of Contents ;
---------------------
  1. Legal Notice
  2. Flow Summary
  3. Flow Settings
  4. Flow Non-Default Global Settings
  5. Flow Elapsed Time
  6. Flow OS Summary
  7. Flow Log
  8. Flow Messages
  9. Flow Suppressed Messages



----------------
; Legal Notice ;
----------------
Copyright (C) 1991-2013 Altera Corporation
Your use of Altera Corporation's design tools, logic functions 
and other software and tools, and its AMPP partner logic 
functions, and any output files from any of the foregoing 
(including device programming or simulation files), and any 
associated documentation or information are expressly subject 
to the terms and conditions of the Altera Program License 
Subscription Agreement, Altera MegaCore Function License 
Agreement, or other applicable license agreement, including, 
without limitation, that your use is for the sole purpose of 
programming logic devices manufactured by Altera and sold by 
Altera or its authorized distributors.  Please refer to the 
applicable agreement for further details.



+---------------------------------------------------------------------------------+
; Flow Summary                                                                    ;
+------------------------------------+--------------------------------------------+
; Flow Status                        ; Successful - Thu Sep 12 15:10:15 2024      ;
; Quartus II 64-Bit Version          ; 13.1.0 Build 162 10/23/2013 SJ Web Edition ;
; Revision Name                      ; M1C1                                       ;
; Top-level Entity Name              ; Register_Bank                              ;
; Family                             ; Cyclone III                                ;
; Total logic elements               ; 435 / 15,408 ( 3 % )                       ;
;     Total combinational functions  ; 250 / 15,408 ( 2 % )                       ;
;     Dedicated logic registers      ; 330 / 15,408 ( 2 % )                       ;
; Total registers                    ; 330                                        ;
; Total pins                         ; 278 / 347 ( 80 % )                         ;
; Total virtual pins                 ; 0                                          ;
; Total memory bits                  ; 0 / 516,096 ( 0 % )                        ;
; Embedded Multiplier 9-bit elements ; 0 / 112 ( 0 % )                            ;
; Total PLLs                         ; 0 / 4 ( 0 % )                              ;
; Device                             ; EP3C16F484C6                               ;
; Timing Models                      ; Final                                      ;
+------------------------------------+--------------------------------------------+


+-----------------------------------------+
; Flow Settings                           ;
+-------------------+---------------------+
; Option            ; Setting             ;
+-------------------+---------------------+
; Start date & time ; 09/12/2024 14:18:53 ;
; Main task         ; Compilation         ;
; Revision Name     ; M1C1                ;
+-------------------+---------------------+


+-----------------------------------------------------------------------------------------------------------------------+
; Flow Non-Default Global Settings                                                                                      ;
+-------------------------------------+--------------------------------+---------------+---------------+----------------+
; Assignment Name                     ; Value                          ; Default Value ; Entity Name   ; Section Id     ;
+-------------------------------------+--------------------------------+---------------+---------------+----------------+
; COMPILER_SIGNATURE_ID               ; 14071519086180.172616153302124 ; --            ; --            ; --             ;
; EDA_GENERATE_FUNCTIONAL_NETLIST     ; On                             ; --            ; --            ; eda_simulation ;
; EDA_OUTPUT_DATA_FORMAT              ; Verilog Hdl                    ; --            ; --            ; eda_simulation ;
; EDA_SIMULATION_TOOL                 ; ModelSim-Altera (Verilog)      ; <None>        ; --            ; --             ;
; EDA_TIME_SCALE                      ; 1 ps                           ; --            ; --            ; eda_simulation ;
; PARTITION_COLOR                     ; 16764057                       ; --            ; Register_Bank ; Top            ;
; PARTITION_FITTER_PRESERVATION_LEVEL ; PLACEMENT_AND_ROUTING          ; --            ; Register_Bank ; Top            ;
; PARTITION_NETLIST_TYPE              ; SOURCE                         ; --            ; Register_Bank ; Top            ;
; PROJECT_OUTPUT_DIRECTORY            ; output_files                   ; --            ; --            ; --             ;
; TOP_LEVEL_ENTITY                    ; Register_Bank                  ; M1C1          ; --            ; --             ;
+-------------------------------------+--------------------------------+---------------+---------------+----------------+


+-------------------------------------------------------------------------------------------------------------------------------+
; Flow Elapsed Time                                                                                                             ;
+---------------------------+--------------+-------------------------+---------------------+------------------------------------+
; Module Name               ; Elapsed Time ; Average Processors Used ; Peak Virtual Memory ; Total CPU Time (on all processors) ;
+---------------------------+--------------+-------------------------+---------------------+------------------------------------+
; Analysis & Synthesis      ; 00:00:01     ; 1.0                     ; 4678 MB             ; 00:00:01                           ;
; Fitter                    ; 00:00:07     ; 2.0                     ; 5698 MB             ; 00:00:10                           ;
; Assembler                 ; 00:00:00     ; 1.0                     ; 4606 MB             ; 00:00:01                           ;
; TimeQuest Timing Analyzer ; 00:00:02     ; 1.0                     ; 4740 MB             ; 00:00:01                           ;
; EDA Netlist Writer        ; 00:00:00     ; 1.0                     ; 4549 MB             ; 00:00:00                           ;
; EDA Netlist Writer        ; 00:00:01     ; 1.0                     ; 4559 MB             ; 00:00:00                           ;
; EDA Netlist Writer        ; 00:00:01     ; 1.0                     ; 4575 MB             ; 00:00:01                           ;
; EDA Netlist Writer        ; 00:00:00     ; 1.0                     ; 4559 MB             ; 00:00:00                           ;
; EDA Netlist Writer        ; 00:00:00     ; 1.0                     ; 4575 MB             ; 00:00:01                           ;
; EDA Netlist Writer        ; 00:00:01     ; 1.0                     ; 4559 MB             ; 00:00:00                           ;
; EDA Netlist Writer        ; 00:00:01     ; 1.0                     ; 4575 MB             ; 00:00:01                           ;
; EDA Netlist Writer        ; 00:00:01     ; 1.0                     ; 4559 MB             ; 00:00:00                           ;
; EDA Netlist Writer        ; 00:00:01     ; 1.0                     ; 4575 MB             ; 00:00:01                           ;
; EDA Netlist Writer        ; 00:00:00     ; 1.0                     ; 4559 MB             ; 00:00:00                           ;
; EDA Netlist Writer        ; 00:00:01     ; 1.0                     ; 4575 MB             ; 00:00:01                           ;
; EDA Netlist Writer        ; 00:00:00     ; 1.0                     ; 4559 MB             ; 00:00:00                           ;
; EDA Netlist Writer        ; 00:00:01     ; 1.0                     ; 4575 MB             ; 00:00:01                           ;
; Total                     ; 00:00:18     ; --                      ; --                  ; 00:00:19                           ;
+---------------------------+--------------+-------------------------+---------------------+------------------------------------+


+----------------------------------------------------------------------------------------+
; Flow OS Summary                                                                        ;
+---------------------------+------------------+-----------+------------+----------------+
; Module Name               ; Machine Hostname ; OS Name   ; OS Version ; Processor type ;
+---------------------------+------------------+-----------+------------+----------------+
; Analysis & Synthesis      ; DESKTOP-O2FDQBC  ; Windows 7 ; 6.2        ; x86_64         ;
; Fitter                    ; DESKTOP-O2FDQBC  ; Windows 7 ; 6.2        ; x86_64         ;
; Assembler                 ; DESKTOP-O2FDQBC  ; Windows 7 ; 6.2        ; x86_64         ;
; TimeQuest Timing Analyzer ; DESKTOP-O2FDQBC  ; Windows 7 ; 6.2        ; x86_64         ;
; EDA Netlist Writer        ; DESKTOP-O2FDQBC  ; Windows 7 ; 6.2        ; x86_64         ;
; EDA Netlist Writer        ; DESKTOP-O2FDQBC  ; Windows 7 ; 6.2        ; x86_64         ;
; EDA Netlist Writer        ; DESKTOP-O2FDQBC  ; Windows 7 ; 6.2        ; x86_64         ;
; EDA Netlist Writer        ; DESKTOP-O2FDQBC  ; Windows 7 ; 6.2        ; x86_64         ;
; EDA Netlist Writer        ; DESKTOP-O2FDQBC  ; Windows 7 ; 6.2        ; x86_64         ;
; EDA Netlist Writer        ; DESKTOP-O2FDQBC  ; Windows 7 ; 6.2        ; x86_64         ;
; EDA Netlist Writer        ; DESKTOP-O2FDQBC  ; Windows 7 ; 6.2        ; x86_64         ;
; EDA Netlist Writer        ; DESKTOP-O2FDQBC  ; Windows 7 ; 6.2        ; x86_64         ;
; EDA Netlist Writer        ; DESKTOP-O2FDQBC  ; Windows 7 ; 6.2        ; x86_64         ;
; EDA Netlist Writer        ; DESKTOP-O2FDQBC  ; Windows 7 ; 6.2        ; x86_64         ;
; EDA Netlist Writer        ; DESKTOP-O2FDQBC  ; Windows 7 ; 6.2        ; x86_64         ;
; EDA Netlist Writer        ; DESKTOP-O2FDQBC  ; Windows 7 ; 6.2        ; x86_64         ;
; EDA Netlist Writer        ; DESKTOP-O2FDQBC  ; Windows 7 ; 6.2        ; x86_64         ;
+---------------------------+------------------+-----------+------------+----------------+


------------
; Flow Log ;
------------
quartus_map --read_settings_files=on --write_settings_files=off M1C1 -c M1C1
quartus_fit --read_settings_files=off --write_settings_files=off M1C1 -c M1C1
quartus_asm --read_settings_files=off --write_settings_files=off M1C1 -c M1C1
quartus_sta M1C1 -c M1C1
quartus_eda --read_settings_files=off --write_settings_files=off M1C1 -c M1C1
quartus_eda --gen_testbench --check_outputs=on --tool=modelsim_oem --format=verilog M1C1 -c M1C1 --vector_source=C:/Users/Bruno/Videos/Bruno/Register_bank.vwf --testbench_file=C:/Users/Bruno/Videos/Bruno/simulation/qsim/Register_bank.vwf.vt
quartus_eda --functional=off --flatten_buses=off --timescale=1ps --simulation=on --tool=modelsim_oem --format=verilog --output_directory=C:/Users/Bruno/Videos/Bruno/simulation/qsim/ M1C1 -c M1C1
quartus_eda --gen_testbench --check_outputs=on --tool=modelsim_oem --format=verilog M1C1 -c M1C1 --vector_source=C:/Users/Bruno/Videos/Bruno/Register_bank.vwf --testbench_file=C:/Users/Bruno/Videos/Bruno/simulation/qsim/Register_bank.vwf.vt
quartus_eda --functional=off --flatten_buses=off --timescale=1ps --simulation=on --tool=modelsim_oem --format=verilog --output_directory=C:/Users/Bruno/Videos/Bruno/simulation/qsim/ M1C1 -c M1C1
quartus_eda --gen_testbench --check_outputs=on --tool=modelsim_oem --format=verilog M1C1 -c M1C1 --vector_source=C:/Users/Bruno/Videos/Bruno/Register_bank.vwf --testbench_file=C:/Users/Bruno/Videos/Bruno/simulation/qsim/Register_bank.vwf.vt
quartus_eda --functional=off --flatten_buses=off --timescale=1ps --simulation=on --tool=modelsim_oem --format=verilog --output_directory=C:/Users/Bruno/Videos/Bruno/simulation/qsim/ M1C1 -c M1C1
quartus_eda --gen_testbench --check_outputs=on --tool=modelsim_oem --format=verilog M1C1 -c M1C1 --vector_source=C:/Users/Bruno/Videos/Bruno/Register_bank.vwf --testbench_file=C:/Users/Bruno/Videos/Bruno/simulation/qsim/Register_bank.vwf.vt
quartus_eda --functional=off --flatten_buses=off --timescale=1ps --simulation=on --tool=modelsim_oem --format=verilog --output_directory=C:/Users/Bruno/Videos/Bruno/simulation/qsim/ M1C1 -c M1C1
quartus_eda --gen_testbench --check_outputs=on --tool=modelsim_oem --format=verilog M1C1 -c M1C1 --vector_source=C:/Users/Bruno/Videos/Bruno/Register_bank.vwf --testbench_file=C:/Users/Bruno/Videos/Bruno/simulation/qsim/Register_bank.vwf.vt
quartus_eda --functional=off --flatten_buses=off --timescale=1ps --simulation=on --tool=modelsim_oem --format=verilog --output_directory=C:/Users/Bruno/Videos/Bruno/simulation/qsim/ M1C1 -c M1C1
quartus_eda --gen_testbench --check_outputs=on --tool=modelsim_oem --format=verilog M1C1 -c M1C1 --vector_source=C:/Users/Bruno/Videos/Bruno/Register_bank.vwf --testbench_file=C:/Users/Bruno/Videos/Bruno/simulation/qsim/Register_bank.vwf.vt
quartus_eda --functional=off --flatten_buses=off --timescale=1ps --simulation=on --tool=modelsim_oem --format=verilog --output_directory=C:/Users/Bruno/Videos/Bruno/simulation/qsim/ M1C1 -c M1C1



